Release 14.5 - xst P.58f (nt)
Copyright (c) 1995-2012 Xilinx, Inc.  All rights reserved.
--> Parameter TMPDIR set to xst/projnav.tmp


Total REAL time to Xst completion: 0.00 secs
Total CPU time to Xst completion: 0.10 secs
 
--> Parameter xsthdpdir set to xst


Total REAL time to Xst completion: 0.00 secs
Total CPU time to Xst completion: 0.10 secs
 
--> Reading design: alu1b.prj

TABLE OF CONTENTS
  1) Synthesis Options Summary
  2) HDL Compilation
  3) Design Hierarchy Analysis
  4) HDL Analysis
  5) HDL Synthesis
     5.1) HDL Synthesis Report
  6) Advanced HDL Synthesis
     6.1) Advanced HDL Synthesis Report
  7) Low Level Synthesis
  8) Partition Report
  9) Final Report
	9.1) Device utilization summary
	9.2) Partition Resource Summary
	9.3) TIMING REPORT


=========================================================================
*                      Synthesis Options Summary                        *
=========================================================================
---- Source Parameters
Input File Name                    : "alu1b.prj"
Input Format                       : mixed
Ignore Synthesis Constraint File   : NO

---- Target Parameters
Output File Name                   : "alu1b"
Output Format                      : NGC
Target Device                      : xc4vfx12-12-sf363

---- Source Options
Top Module Name                    : alu1b
Automatic FSM Extraction           : YES
FSM Encoding Algorithm             : Auto
Safe Implementation                : No
FSM Style                          : LUT
RAM Extraction                     : Yes
RAM Style                          : Auto
ROM Extraction                     : Yes
Mux Style                          : Auto
Decoder Extraction                 : YES
Priority Encoder Extraction        : Yes
Shift Register Extraction          : YES
Logical Shifter Extraction         : YES
XOR Collapsing                     : YES
ROM Style                          : Auto
Mux Extraction                     : Yes
Resource Sharing                   : YES
Asynchronous To Synchronous        : NO
Use DSP Block                      : Auto
Automatic Register Balancing       : No

---- Target Options
Add IO Buffers                     : YES
Global Maximum Fanout              : 100000
Add Generic Clock Buffer(BUFG)     : 32
Number of Regional Clock Buffers   : 16
Register Duplication               : YES
Slice Packing                      : YES
Optimize Instantiated Primitives   : NO
Use Clock Enable                   : Auto
Use Synchronous Set                : Auto
Use Synchronous Reset              : Auto
Pack IO Registers into IOBs        : Auto
Equivalent register Removal        : YES

---- General Options
Optimization Goal                  : Speed
Optimization Effort                : 1
Power Reduction                    : NO
Keep Hierarchy                     : No
Netlist Hierarchy                  : As_Optimized
RTL Output                         : Yes
Global Optimization                : AllClockNets
Read Cores                         : YES
Write Timing Constraints           : NO
Cross Clock Analysis               : NO
Hierarchy Separator                : /
Bus Delimiter                      : <>
Case Specifier                     : Maintain
Slice Utilization Ratio            : 100
BRAM Utilization Ratio             : 100
DSP48 Utilization Ratio            : 100
Verilog 2001                       : YES
Auto BRAM Packing                  : NO
Slice Utilization Ratio Delta      : 5

=========================================================================


=========================================================================
*                          HDL Compilation                              *
=========================================================================
Compiling vhdl file "E:/uni/computer architecture/ALU/mux_2to1.vhd" in Library work.
Architecture behavioral of Entity mux_2to1 is up to date.
Compiling vhdl file "E:/uni/computer architecture/ALU/adder1b.vhd" in Library work.
Architecture behavioral of Entity adder1b is up to date.
Compiling vhdl file "E:/uni/computer architecture/ALU/mux_4to1.vhd" in Library work.
Architecture behavioral of Entity mux_4to1 is up to date.
Compiling vhdl file "E:/uni/computer architecture/ALU/alu1b.vhd" in Library work.
Architecture behavioral of Entity alu1b is up to date.

=========================================================================
*                     Design Hierarchy Analysis                         *
=========================================================================
Analyzing hierarchy for entity <alu1b> in library <work> (architecture <behavioral>).

Analyzing hierarchy for entity <mux_2to1> in library <work> (architecture <behavioral>).

Analyzing hierarchy for entity <adder1b> in library <work> (architecture <behavioral>).

Analyzing hierarchy for entity <mux_4to1> in library <work> (architecture <behavioral>).


=========================================================================
*                            HDL Analysis                               *
=========================================================================
Analyzing Entity <alu1b> in library <work> (Architecture <behavioral>).
Entity <alu1b> analyzed. Unit <alu1b> generated.

Analyzing Entity <mux_2to1> in library <work> (Architecture <behavioral>).
Entity <mux_2to1> analyzed. Unit <mux_2to1> generated.

Analyzing Entity <adder1b> in library <work> (Architecture <behavioral>).
Entity <adder1b> analyzed. Unit <adder1b> generated.

Analyzing Entity <mux_4to1> in library <work> (Architecture <behavioral>).
Entity <mux_4to1> analyzed. Unit <mux_4to1> generated.


=========================================================================
*                           HDL Synthesis                               *
=========================================================================

Performing bidirectional port resolution...

Synthesizing Unit <mux_2to1>.
    Related source file is "E:/uni/computer architecture/ALU/mux_2to1.vhd".
Unit <mux_2to1> synthesized.


Synthesizing Unit <adder1b>.
    Related source file is "E:/uni/computer architecture/ALU/adder1b.vhd".
    Found 1-bit xor3 for signal <res>.
    Summary:
	inferred   1 Xor(s).
Unit <adder1b> synthesized.


Synthesizing Unit <mux_4to1>.
    Related source file is "E:/uni/computer architecture/ALU/mux_4to1.vhd".
Unit <mux_4to1> synthesized.


Synthesizing Unit <alu1b>.
    Related source file is "E:/uni/computer architecture/ALU/alu1b.vhd".
    Found 1-bit xor2 for signal <overflow>.
Unit <alu1b> synthesized.


=========================================================================
HDL Synthesis Report

Macro Statistics
# Xors                                                 : 2
 1-bit xor2                                            : 1
 1-bit xor3                                            : 1

=========================================================================

=========================================================================
*                       Advanced HDL Synthesis                          *
=========================================================================


=========================================================================
Advanced HDL Synthesis Report

Macro Statistics
# Xors                                                 : 2
 1-bit xor2                                            : 1
 1-bit xor3                                            : 1

=========================================================================

=========================================================================
*                         Low Level Synthesis                           *
=========================================================================

Optimizing unit <alu1b> ...

Mapping all equations...
Building and optimizing final netlist ...
Found area constraint ratio of 100 (+ 5) on block alu1b, actual ratio is 0.

Final Macro Processing ...

=========================================================================
Final Register Report

Found no macro
=========================================================================

=========================================================================
*                           Partition Report                            *
=========================================================================

Partition Implementation Status
-------------------------------

  No Partitions were found in this design.

-------------------------------

=========================================================================
*                            Final Report                               *
=========================================================================
Final Results
RTL Top Level Output File Name     : alu1b.ngr
Top Level Output File Name         : alu1b
Output Format                      : NGC
Optimization Goal                  : Speed
Keep Hierarchy                     : No

Design Statistics
# IOs                              : 12

Cell Usage :
# BELS                             : 11
#      GND                         : 1
#      LUT2                        : 2
#      LUT4                        : 7
#      MUXF5                       : 1
# IO Buffers                       : 12
#      IBUF                        : 9
#      OBUF                        : 3
=========================================================================

Device utilization summary:
---------------------------

Selected Device : 4vfx12sf363-12 

 Number of Slices:                        5  out of   5472     0%  
 Number of 4 input LUTs:                  9  out of  10944     0%  
 Number of IOs:                          12
 Number of bonded IOBs:                  12  out of    240     5%  

---------------------------
Partition Resource Summary:
---------------------------

  No Partitions were found in this design.

---------------------------


=========================================================================
TIMING REPORT

NOTE: THESE TIMING NUMBERS ARE ONLY A SYNTHESIS ESTIMATE.
      FOR ACCURATE TIMING INFORMATION PLEASE REFER TO THE TRACE REPORT
      GENERATED AFTER PLACE-and-ROUTE.

Clock Information:
------------------
No clock signals found in this design

Asynchronous Control Signals Information:
----------------------------------------
No asynchronous control signals found in this design

Timing Summary:
---------------
Speed Grade: -12

   Minimum period: No path found
   Minimum input arrival time before clock: No path found
   Maximum output required time after clock: No path found
   Maximum combinational path delay: 6.105ns

Timing Detail:
--------------
All values displayed in nanoseconds (ns)

=========================================================================
Timing constraint: Default path analysis
  Total number of paths / destination ports: 28 / 3
-------------------------------------------------------------------------
Delay:               6.105ns (Levels of Logic = 5)
  Source:            ainv (PAD)
  Destination:       res (PAD)

  Data Path: ainv to res
                                Gate     Net
    Cell:in->out      fanout   Delay   Delay  Logical Name (Net Name)
    ----------------------------------------  ------------
     IBUF:I->O             3   0.754   0.565  ainv_IBUF (ainv_IBUF)
     LUT4:I0->O            1   0.147   0.388  u4/res135_SW0 (N7)
     LUT4:I3->O            1   0.147   0.436  u4/res135 (u4/res135)
     LUT4:I2->O            1   0.147   0.266  u4/res193 (res_OBUF)
     OBUF:I->O                 3.255          res_OBUF (res)
    ----------------------------------------
    Total                      6.105ns (4.450ns logic, 1.655ns route)
                                       (72.9% logic, 27.1% route)

=========================================================================


Total REAL time to Xst completion: 4.00 secs
Total CPU time to Xst completion: 4.23 secs
 
--> 

Total memory usage is 276916 kilobytes

Number of errors   :    0 (   0 filtered)
Number of warnings :    0 (   0 filtered)
Number of infos    :    0 (   0 filtered)

